Flutter crash report.
Please report a bug at https://github.com/flutter/flutter/issues.

## command

flutter run

## exception

StateError: Bad state: No element

```
```

## flutter doctor

```
[32m[✓][39m Flutter (Channel stable, 3.38.7, on Microsoft Windows [Version 10.0.26200.8246], locale en-IN) [430ms]
    [32m•[39m Flutter version 3.38.7 on channel stable at C:\Users\HP\flutter_windows_3.38.7-stable\flutter
    [32m•[39m Upstream repository https://github.com/flutter/flutter.git
    [32m•[39m Framework revision 3b62efc2a3 (3 months ago), 2026-01-13 13:47:42 -0800
    [32m•[39m Engine revision 78fc3012e4
    [32m•[39m Dart version 3.10.7
    [32m•[39m DevTools version 2.51.1
    [32m•[39m Feature flags: enable-web, enable-linux-desktop, enable-macos-desktop, enable-windows-desktop, enable-android,
      enable-ios, cli-animations, enable-native-assets, omit-legacy-version-file, enable-lldb-debugging

[32m[✓][39m Windows Version (11 Home Single Language 64-bit, 25H2, 2009) [1,558ms]

[32m[✓][39m Android toolchain - develop for Android devices (Android SDK version 36.0.0) [7.8s]
    [32m•[39m Android SDK at C:\Users\HP\AppData\Local\Android\Sdk
    [32m•[39m Emulator version 36.4.9.0 (build_id 14788078) (CL:N/A)
    [32m•[39m Platform android-36.1, build-tools 36.0.0
    [32m•[39m ANDROID_HOME = C:\Users\HP\AppData\Local\Android\Sdk
    [32m•[39m Java binary at: E:\android\jbr\bin\java
      This is the JDK bundled with the latest Android Studio installation on this machine.
      To manually set the JDK path, use: `flutter config --jdk-dir="path/to/jdk"`.
    [32m•[39m Java version OpenJDK Runtime Environment (build 21.0.10+-14961533-b1163.108)
    [32m•[39m All Android licenses accepted.

[32m[✓][39m Chrome - develop for the web [13ms]
    [32m•[39m Chrome at C:\Program Files\Google\Chrome\Application\chrome.exe

[31m[✗][39m Visual Studio - develop Windows apps [11ms]
    [31m✗[39m Visual Studio not installed; this is necessary to develop Windows apps.
      Download at https://visualstudio.microsoft.com/downloads/.
      Please install the "Desktop development with C++" workload, including all of its default components

[32m[✓][39m Connected device (4 available) [372ms]
    [32m•[39m 22111317I (mobile) • 99b24c30223 • android-arm64  • Android 14 (API 34)
    [32m•[39m Windows (desktop)  • windows     • windows-x64    • Microsoft Windows [Version 10.0.26200.8246]
    [32m•[39m Chrome (web)       • chrome      • web-javascript • Google Chrome 147.0.7727.101
    [32m•[39m Edge (web)         • edge        • web-javascript • Microsoft Edge 147.0.3912.72

[32m[✓][39m Network resources [633ms]
    [32m•[39m All expected network resources are available.

[33m![39m Doctor found issues in 1 category.
```
